<?xml version="1.0" encoding="UTF-8"?>
<testng-results ignored="0" total="3" passed="3" failed="0" skipped="0">
  <reporter-output>
  </reporter-output>
  <suite started-at="2022-07-29T10:16:14 IST" name="Suite" finished-at="2022-07-29T10:16:33 IST" duration-ms="18971">
    <groups>
    </groups>
    <test started-at="2022-07-29T10:16:14 IST" name="Test" finished-at="2022-07-29T10:16:33 IST" duration-ms="18971">
      <class name="TestClasses.VerifyUserCanLogIn">
        <test-method is-config="true" signature="beforeClass()[pri:0, instance:TestClasses.VerifyUserCanLogIn@2a4fb17b]" started-at="2022-07-29T10:16:14 IST" name="beforeClass" finished-at="2022-07-29T10:16:25 IST" duration-ms="10433" status="PASS">
          <reporter-output>
          </reporter-output>
        </test-method> <!-- beforeClass -->
        <test-method is-config="true" signature="beforeMethod()[pri:0, instance:TestClasses.VerifyUserCanLogIn@2a4fb17b]" started-at="2022-07-29T10:16:25 IST" name="beforeMethod" finished-at="2022-07-29T10:16:25 IST" duration-ms="27" status="PASS">
          <reporter-output>
          </reporter-output>
        </test-method> <!-- beforeMethod -->
        <test-method signature="verifyUserCanLogin()[pri:0, instance:TestClasses.VerifyUserCanLogIn@2a4fb17b]" started-at="2022-07-29T10:16:25 IST" name="verifyUserCanLogin" finished-at="2022-07-29T10:16:27 IST" duration-ms="2523" status="PASS">
          <reporter-output>
          </reporter-output>
        </test-method> <!-- verifyUserCanLogin -->
        <test-method is-config="true" signature="afterMethod()[pri:0, instance:TestClasses.VerifyUserCanLogIn@2a4fb17b]" started-at="2022-07-29T10:16:27 IST" name="afterMethod" finished-at="2022-07-29T10:16:27 IST" duration-ms="0" status="PASS">
          <reporter-output>
          </reporter-output>
        </test-method> <!-- afterMethod -->
        <test-method is-config="true" signature="afterClass()[pri:0, instance:TestClasses.VerifyUserCanLogIn@2a4fb17b]" started-at="2022-07-29T10:16:27 IST" name="afterClass" finished-at="2022-07-29T10:16:27 IST" duration-ms="0" status="PASS">
          <reporter-output>
          </reporter-output>
        </test-method> <!-- afterClass -->
      </class> <!-- TestClasses.VerifyUserCanLogIn -->
      <class name="TestClasses.VerifyUserCanAddNewAddress">
        <test-method is-config="true" signature="beforeClass()[pri:0, instance:TestClasses.VerifyUserCanAddNewAddress@48f2bd5b]" started-at="2022-07-29T10:16:27 IST" name="beforeClass" finished-at="2022-07-29T10:16:27 IST" duration-ms="1" status="PASS">
          <reporter-output>
          </reporter-output>
        </test-method> <!-- beforeClass -->
        <test-method is-config="true" signature="beforeMethod()[pri:0, instance:TestClasses.VerifyUserCanAddNewAddress@48f2bd5b]" started-at="2022-07-29T10:16:27 IST" name="beforeMethod" finished-at="2022-07-29T10:16:27 IST" duration-ms="1" status="PASS">
          <reporter-output>
          </reporter-output>
        </test-method> <!-- beforeMethod -->
        <test-method signature="verifyUserCanGoToProfilePage()[pri:0, instance:TestClasses.VerifyUserCanAddNewAddress@48f2bd5b]" started-at="2022-07-29T10:16:27 IST" name="verifyUserCanGoToProfilePage" finished-at="2022-07-29T10:16:28 IST" duration-ms="708" status="PASS">
          <reporter-output>
          </reporter-output>
        </test-method> <!-- verifyUserCanGoToProfilePage -->
        <test-method is-config="true" signature="afterMethod()[pri:0, instance:TestClasses.VerifyUserCanAddNewAddress@48f2bd5b]" started-at="2022-07-29T10:16:28 IST" name="afterMethod" finished-at="2022-07-29T10:16:28 IST" duration-ms="1" status="PASS">
          <reporter-output>
          </reporter-output>
        </test-method> <!-- afterMethod -->
        <test-method is-config="true" signature="beforeMethod()[pri:0, instance:TestClasses.VerifyUserCanAddNewAddress@48f2bd5b]" started-at="2022-07-29T10:16:28 IST" name="beforeMethod" finished-at="2022-07-29T10:16:28 IST" duration-ms="1" status="PASS">
          <reporter-output>
          </reporter-output>
        </test-method> <!-- beforeMethod -->
        <test-method signature="veryUserCanAddAddress()[pri:1, instance:TestClasses.VerifyUserCanAddNewAddress@48f2bd5b]" started-at="2022-07-29T10:16:28 IST" name="veryUserCanAddAddress" finished-at="2022-07-29T10:16:33 IST" duration-ms="5216" status="PASS">
          <reporter-output>
          </reporter-output>
        </test-method> <!-- veryUserCanAddAddress -->
        <test-method is-config="true" signature="afterMethod()[pri:0, instance:TestClasses.VerifyUserCanAddNewAddress@48f2bd5b]" started-at="2022-07-29T10:16:33 IST" name="afterMethod" finished-at="2022-07-29T10:16:33 IST" duration-ms="0" status="PASS">
          <reporter-output>
          </reporter-output>
        </test-method> <!-- afterMethod -->
        <test-method is-config="true" signature="afterClass()[pri:0, instance:TestClasses.VerifyUserCanAddNewAddress@48f2bd5b]" started-at="2022-07-29T10:16:33 IST" name="afterClass" finished-at="2022-07-29T10:16:33 IST" duration-ms="0" status="PASS">
          <reporter-output>
          </reporter-output>
        </test-method> <!-- afterClass -->
      </class> <!-- TestClasses.VerifyUserCanAddNewAddress -->
    </test> <!-- Test -->
  </suite> <!-- Suite -->
</testng-results>
